<?xml version="1.0" encoding="UTF-8"?>
<!-- Generated by org.testng.reporters.JUnitReportReporter -->
<testsuite hostname="DESKTOP-BPC4G7D" name="testngg.NewTest" tests="3" failures="0" timestamp="5 Nov 2019 14:49:07 GMT" time="0.009" errors="0">
  <testcase name="x" time="0.006" classname="testngg.NewTest"/>
  <testcase name="f" time="0.001" classname="testngg.NewTest"/>
  <testcase name="k" time="0.002" classname="testngg.NewTest"/>
</testsuite> <!-- testngg.NewTest -->
